#
# There is insufficient memory for the Java Runtime Environment to continue.
# Native memory allocation (malloc) failed to allocate 1048576 bytes. Error detail: AllocateHeap
# Possible reasons:
#   The system is out of physical RAM or swap space
#   This process is running with CompressedOops enabled, and the Java Heap may be blocking the growth of the native heap
# Possible solutions:
#   Reduce memory load on the system
#   Increase physical memory or swap space
#   Check if swap backing store is full
#   Decrease Java heap size (-Xmx/-Xms)
#   Decrease number of Java threads
#   Decrease Java thread stack sizes (-Xss)
#   Set larger code cache with -XX:ReservedCodeCacheSize=
#   JVM is running with Unscaled Compressed Oops mode in which the Java heap is
#     placed in the first 4GB address space. The Java Heap base address is the
#     maximum limit for the native heap growth. Please use -XX:HeapBaseMinAddress
#     to set the Java Heap base and to place the Java Heap above 4GB virtual address.
# This output file may be truncated or incomplete.
#
#  Out of Memory Error (allocation.cpp:44), pid=18636, tid=26996
#
# JRE version: OpenJDK Runtime Environment Temurin-21.0.10+7 (21.0.10+7) (build 21.0.10+7-LTS)
# Java VM: OpenJDK 64-Bit Server VM Temurin-21.0.10+7 (21.0.10+7-LTS, mixed mode, sharing, tiered, compressed oops, compressed class ptrs, parallel gc, windows-amd64)
# No core dump will be written. Minidumps are not enabled by default on client versions of Windows
#

---------------  S U M M A R Y ------------

Command Line: --add-modules=ALL-SYSTEM --add-opens=java.base/java.util=ALL-UNNAMED --add-opens=java.base/java.lang=ALL-UNNAMED --add-opens=java.base/sun.nio.fs=ALL-UNNAMED -Declipse.application=org.eclipse.jdt.ls.core.id1 -Dosgi.bundles.defaultStartLevel=4 -Declipse.product=org.eclipse.jdt.ls.core.product -Djava.import.generatesMetadataFilesAtProjectRoot=false -DDetectVMInstallationsJob.disabled=true -Dfile.encoding=utf8 -XX:+UseParallelGC -XX:GCTimeRatio=4 -XX:AdaptiveSizePolicyWeight=90 -Dsun.zip.disableMemoryMapping=true -Xmx2G -Xms100m -Xlog:disable -javaagent:c:\Users\TRAN THI TUYET TRINH\.antigravity\extensions\redhat.java-1.54.0-win32-x64\lombok\lombok-1.18.39-4050.jar -XX:+HeapDumpOnOutOfMemoryError -XX:HeapDumpPath=c:\Users\TRAN THI TUYET TRINH\AppData\Roaming\Antigravity\User\workspaceStorage\3739bf23a3de9df40875cb7029adc8c1\redhat.java -Daether.dependencyCollector.impl=bf c:\Users\TRAN THI TUYET TRINH\.antigravity\extensions\redhat.java-1.54.0-win32-x64\server\plugins\org.eclipse.equinox.launcher_1.7.100.v20251111-0406.jar -configuration c:\Users\TRAN THI TUYET TRINH\AppData\Roaming\Antigravity\User\globalStorage\redhat.java\1.54.0\config_win -data c:\Users\TRAN THI TUYET TRINH\AppData\Roaming\Antigravity\User\workspaceStorage\3739bf23a3de9df40875cb7029adc8c1\redhat.java\jdt_ws --pipe=\\.\pipe\lsp-564ca2451bc55719fb65bf80a4fc0bfa-sock

Host: 12th Gen Intel(R) Core(TM) i5-1240P, 16 cores, 15G,  Windows 11 , 64 bit Build 26100 (10.0.26100.8246)
Time: Wed May 13 15:26:52 2026 SE Asia Standard Time elapsed time: 3045.126299 seconds (0d 0h 50m 45s)

---------------  T H R E A D  ---------------

Current thread (0x000001aeaf8aa880):  JavaThread "Attach Listener" daemon [_thread_in_vm, id=26996, stack(0x0000005651700000,0x0000005651800000) (1024K)]

Stack: [0x0000005651700000,0x0000005651800000]
Native frames: (J=compiled Java code, j=interpreted, Vv=VM code, C=native code)
V  [jvm.dll+0x6d7a39]
V  [jvm.dll+0x8b4b26]
V  [jvm.dll+0x8b70de]
V  [jvm.dll+0x8b77c3]
V  [jvm.dll+0x284346]
V  [jvm.dll+0xc1277]
V  [jvm.dll+0x6d82e9]
V  [jvm.dll+0x1334a6]
V  [jvm.dll+0x3f857e]
V  [jvm.dll+0x85f59d]
V  [jvm.dll+0x6d626d]
C  [ucrtbase.dll+0x37b0]
C  [KERNEL32.DLL+0x2e8d7]
C  [ntdll.dll+0x8c3fc]


---------------  P R O C E S S  ---------------

Threads class SMR info:
_java_thread_list=0x000001af196e0820, length=69, elements={
0x000001aeaf801840, 0x000001aeaf8a41f0, 0x000001aeaf8a63d0, 0x000001aeaf8a9730,
0x000001aeaf8aa880, 0x000001aeaf8ab2e0, 0x000001aeaf8abd40, 0x000001aeaf8acb80,
0x000001af0864c620, 0x000001af087cf220, 0x000001af0881a210, 0x000001af0eb927e0,
0x000001af0888e3c0, 0x000001af0e8f2790, 0x000001af0e782a40, 0x000001af0890f720,
0x000001af0e5aced0, 0x000001af0e132960, 0x000001af0eb64d90, 0x000001af0eb674f0,
0x000001af0eb66e60, 0x000001af0eb64700, 0x000001af12438060, 0x000001af12437340,
0x000001af124379d0, 0x000001af124386f0, 0x000001af12438d80, 0x000001af12435900,
0x000001af12439410, 0x000001af12435f90, 0x000001af12439aa0, 0x000001af12436620,
0x000001af1243a130, 0x000001af12436cb0, 0x000001af1243c890, 0x000001af1243a7c0,
0x000001af1243cf20, 0x000001af1243ae50, 0x000001af10dda400, 0x000001af10ddaa90,
0x000001af18951d30, 0x000001af18953e00, 0x000001af189530e0, 0x000001af18953770,
0x000001af12445fc0, 0x000001af18432360, 0x000001af18433da0, 0x000001af18431640,
0x000001af184329f0, 0x000001af18436500, 0x000001af18436b90, 0x000001af18437220,
0x000001af12446650, 0x000001af12448090, 0x000001af19184c70, 0x000001af19182ba0,
0x000001af19186d40, 0x000001af191873d0, 0x000001af19188780, 0x000001af19188e10,
0x000001af191894a0, 0x000001af10dd5bd0, 0x000001af10dd4190, 0x000001af10dd4eb0,
0x000001af10dd6f80, 0x000001af10dd6260, 0x000001af1435cfa0, 0x000001af1435a1b0,
0x000001af1435a840
}

Java Threads: ( => current thread )
  0x000001aeaf801840 JavaThread "main"                              [_thread_blocked, id=18884, stack(0x0000005651000000,0x0000005651100000) (1024K)]
  0x000001aeaf8a41f0 JavaThread "Reference Handler"          daemon [_thread_blocked, id=1732, stack(0x0000005651400000,0x0000005651500000) (1024K)]
  0x000001aeaf8a63d0 JavaThread "Finalizer"                  daemon [_thread_blocked, id=5100, stack(0x0000005651500000,0x0000005651600000) (1024K)]
  0x000001aeaf8a9730 JavaThread "Signal Dispatcher"          daemon [_thread_blocked, id=26376, stack(0x0000005651600000,0x0000005651700000) (1024K)]
=>0x000001aeaf8aa880 JavaThread "Attach Listener"            daemon [_thread_in_vm, id=26996, stack(0x0000005651700000,0x0000005651800000) (1024K)]
  0x000001aeaf8ab2e0 JavaThread "Service Thread"             daemon [_thread_blocked, id=26748, stack(0x0000005651800000,0x0000005651900000) (1024K)]
  0x000001aeaf8abd40 JavaThread "Monitor Deflation Thread"   daemon [_thread_blocked, id=11448, stack(0x0000005651900000,0x0000005651a00000) (1024K)]
  0x000001aeaf8acb80 JavaThread "C2 CompilerThread0"         daemon [_thread_blocked, id=6172, stack(0x0000005651a00000,0x0000005651b00000) (1024K)]
  0x000001af0864c620 JavaThread "C1 CompilerThread0"         daemon [_thread_blocked, id=16948, stack(0x0000005651b00000,0x0000005651c00000) (1024K)]
  0x000001af087cf220 JavaThread "Common-Cleaner"             daemon [_thread_blocked, id=2632, stack(0x0000005651d00000,0x0000005651e00000) (1024K)]
  0x000001af0881a210 JavaThread "Notification Thread"        daemon [_thread_blocked, id=22048, stack(0x0000005652000000,0x0000005652100000) (1024K)]
  0x000001af0eb927e0 JavaThread "Active Thread: Equinox Container: 65ad0530-9860-454f-b5da-01faef0f1cb6"        [_thread_blocked, id=23608, stack(0x0000005652b00000,0x0000005652c00000) (1024K)]
  0x000001af0888e3c0 JavaThread "Refresh Thread: Equinox Container: 65ad0530-9860-454f-b5da-01faef0f1cb6" daemon [_thread_blocked, id=12176, stack(0x0000005651c00000,0x0000005651d00000) (1024K)]
  0x000001af0e8f2790 JavaThread "Framework Event Dispatcher: Equinox Container: 65ad0530-9860-454f-b5da-01faef0f1cb6" daemon [_thread_blocked, id=8832, stack(0x0000005651e00000,0x0000005651f00000) (1024K)]
  0x000001af0e782a40 JavaThread "Start Level: Equinox Container: 65ad0530-9860-454f-b5da-01faef0f1cb6" daemon [_thread_blocked, id=9848, stack(0x0000005651f00000,0x0000005652000000) (1024K)]
  0x000001af0890f720 JavaThread "Bundle File Closer"         daemon [_thread_blocked, id=12640, stack(0x0000005652f00000,0x0000005653000000) (1024K)]
  0x000001af0e5aced0 JavaThread "SCR Component Actor"        daemon [_thread_blocked, id=4680, stack(0x0000005653000000,0x0000005653100000) (1024K)]
  0x000001af0e132960 JavaThread "Worker-JM"                         [_thread_blocked, id=19096, stack(0x0000005653300000,0x0000005653400000) (1024K)]
  0x000001af0eb64d90 JavaThread "JNA Cleaner"                daemon [_thread_blocked, id=25944, stack(0x0000005653100000,0x0000005653200000) (1024K)]
  0x000001af0eb674f0 JavaThread "Java indexing"              daemon [_thread_blocked, id=24268, stack(0x0000005653a00000,0x0000005653b00000) (1024K)]
  0x000001af0eb66e60 JavaThread "Thread-1"                   daemon [_thread_in_native, id=19612, stack(0x0000005654100000,0x0000005654200000) (1024K)]
  0x000001af0eb64700 JavaThread "Thread-2"                   daemon [_thread_in_native, id=22008, stack(0x0000005654200000,0x0000005654300000) (1024K)]
  0x000001af12438060 JavaThread "Thread-3"                   daemon [_thread_in_native, id=24032, stack(0x0000005654300000,0x0000005654400000) (1024K)]
  0x000001af12437340 JavaThread "Thread-4"                   daemon [_thread_in_native, id=1064, stack(0x0000005654400000,0x0000005654500000) (1024K)]
  0x000001af124379d0 JavaThread "Thread-5"                   daemon [_thread_in_native, id=24544, stack(0x0000005654500000,0x0000005654600000) (1024K)]
  0x000001af124386f0 JavaThread "Thread-6"                   daemon [_thread_in_native, id=25388, stack(0x0000005654600000,0x0000005654700000) (1024K)]
  0x000001af12438d80 JavaThread "Thread-7"                   daemon [_thread_in_native, id=10336, stack(0x0000005654700000,0x0000005654800000) (1024K)]
  0x000001af12435900 JavaThread "Thread-8"                   daemon [_thread_in_native, id=21804, stack(0x0000005654800000,0x0000005654900000) (1024K)]
  0x000001af12439410 JavaThread "Thread-9"                   daemon [_thread_in_native, id=26960, stack(0x0000005654900000,0x0000005654a00000) (1024K)]
  0x000001af12435f90 JavaThread "Thread-10"                  daemon [_thread_in_native, id=6788, stack(0x0000005654a00000,0x0000005654b00000) (1024K)]
  0x000001af12439aa0 JavaThread "Thread-11"                  daemon [_thread_in_native, id=17968, stack(0x0000005654b00000,0x0000005654c00000) (1024K)]
  0x000001af12436620 JavaThread "Thread-12"                  daemon [_thread_in_native, id=24068, stack(0x0000005654c00000,0x0000005654d00000) (1024K)]
  0x000001af1243a130 JavaThread "Thread-13"                  daemon [_thread_in_native, id=10104, stack(0x0000005654d00000,0x0000005654e00000) (1024K)]
  0x000001af12436cb0 JavaThread "Thread-14"                  daemon [_thread_in_native, id=6392, stack(0x0000005654e00000,0x0000005654f00000) (1024K)]
  0x000001af1243c890 JavaThread "Thread-15"                  daemon [_thread_in_native, id=2424, stack(0x0000005654f00000,0x0000005655000000) (1024K)]
  0x000001af1243a7c0 JavaThread "Thread-16"                  daemon [_thread_in_native, id=22856, stack(0x0000005655000000,0x0000005655100000) (1024K)]
  0x000001af1243cf20 JavaThread "Thread-17"                  daemon [_thread_in_native, id=18700, stack(0x0000005655100000,0x0000005655200000) (1024K)]
  0x000001af1243ae50 JavaThread "pool-2-thread-1"                   [_thread_blocked, id=18224, stack(0x0000005655200000,0x0000005655300000) (1024K)]
  0x000001af10dda400 JavaThread "WorkspaceEventsHandler"            [_thread_blocked, id=23068, stack(0x0000005656200000,0x0000005656300000) (1024K)]
  0x000001af10ddaa90 JavaThread "pool-1-thread-1"                   [_thread_blocked, id=25312, stack(0x0000005656300000,0x0000005656400000) (1024K)]
  0x000001af18951d30 JavaThread "Cleaner-0"                  daemon [_thread_blocked, id=27000, stack(0x0000005655400000,0x0000005655500000) (1024K)]
  0x000001af18953e00 JavaThread "Java Debug Server"          daemon [_thread_in_native, id=18508, stack(0x0000005650f00000,0x0000005651000000) (1024K)]
  0x000001af189530e0 JavaThread "RxSchedulerPurge-1"         daemon [_thread_blocked, id=10548, stack(0x0000005652e00000,0x0000005652f00000) (1024K)]
  0x000001af18953770 JavaThread "RxCachedWorkerPoolEvictor-1" daemon [_thread_blocked, id=24512, stack(0x0000005653700000,0x0000005653800000) (1024K)]
  0x000001af12445fc0 JavaThread "Worker-9"                          [_thread_blocked, id=18236, stack(0x0000005656b00000,0x0000005656c00000) (1024K)]
  0x000001af18432360 JavaThread "ForkJoinPool.commonPool-worker-21" daemon [_thread_blocked, id=10524, stack(0x0000005652d00000,0x0000005652e00000) (1024K)]
  0x000001af18433da0 JavaThread "ForkJoinPool.commonPool-worker-22" daemon [_thread_blocked, id=5812, stack(0x0000005653200000,0x0000005653300000) (1024K)]
  0x000001af18431640 JavaThread "ForkJoinPool.commonPool-worker-23" daemon [_thread_blocked, id=23728, stack(0x0000005653500000,0x0000005653600000) (1024K)]
  0x000001af184329f0 JavaThread "ForkJoinPool.commonPool-worker-24" daemon [_thread_blocked, id=14276, stack(0x0000005653c00000,0x0000005653d00000) (1024K)]
  0x000001af18436500 JavaThread "ForkJoinPool.commonPool-worker-25" daemon [_thread_blocked, id=6448, stack(0x0000005653d00000,0x0000005653e00000) (1024K)]
  0x000001af18436b90 JavaThread "ForkJoinPool.commonPool-worker-26" daemon [_thread_blocked, id=25728, stack(0x0000005653e00000,0x0000005653f00000) (1024K)]
  0x000001af18437220 JavaThread "ForkJoinPool.commonPool-worker-27" daemon [_thread_blocked, id=10252, stack(0x0000005653f00000,0x0000005654000000) (1024K)]
  0x000001af12446650 JavaThread "Worker-17"                         [_thread_blocked, id=4688, stack(0x0000005654000000,0x0000005654100000) (1024K)]
  0x000001af12448090 JavaThread "ForkJoinPool.commonPool-worker-28" daemon [_thread_blocked, id=6636, stack(0x0000005655300000,0x0000005655400000) (1024K)]
  0x000001af19184c70 JavaThread "ForkJoinPool.commonPool-worker-29" daemon [_thread_blocked, id=1840, stack(0x0000005655500000,0x0000005655600000) (1024K)]
  0x000001af19182ba0 JavaThread "ForkJoinPool.commonPool-worker-30" daemon [_thread_blocked, id=22012, stack(0x0000005653400000,0x0000005653500000) (1024K)]
  0x000001af19186d40 JavaThread "ForkJoinPool.commonPool-worker-31" daemon [_thread_blocked, id=12704, stack(0x0000005655e00000,0x0000005655f00000) (1024K)]
  0x000001af191873d0 JavaThread "ForkJoinPool.commonPool-worker-32" daemon [_thread_blocked, id=13116, stack(0x0000005655f00000,0x0000005656000000) (1024K)]
  0x000001af19188780 JavaThread "Compiler Source File Reader" daemon [_thread_blocked, id=8252, stack(0x0000005656000000,0x0000005656100000) (1024K)]
  0x000001af19188e10 JavaThread "Compiler Source File Reader" daemon [_thread_blocked, id=24360, stack(0x0000005656100000,0x0000005656200000) (1024K)]
  0x000001af191894a0 JavaThread "Compiler Source File Reader" daemon [_thread_blocked, id=27384, stack(0x0000005656400000,0x0000005656500000) (1024K)]
  0x000001af10dd5bd0 JavaThread "Compiler Source File Reader" daemon [_thread_blocked, id=3820, stack(0x0000005656500000,0x0000005656600000) (1024K)]
  0x000001af10dd4190 JavaThread "Compiler Source File Reader" daemon [_thread_blocked, id=16400, stack(0x0000005656900000,0x0000005656a00000) (1024K)]
  0x000001af10dd4eb0 JavaThread "Worker-18"                         [_thread_blocked, id=4136, stack(0x0000005650e00000,0x0000005650f00000) (1024K)]
  0x000001af10dd6f80 JavaThread "Compiler Source File Reader" daemon [_thread_blocked, id=22968, stack(0x0000005653600000,0x0000005653700000) (1024K)]
  0x000001af10dd6260 JavaThread "Compiler Source File Reader" daemon [_thread_blocked, id=6560, stack(0x0000005657000000,0x0000005657100000) (1024K)]
  0x000001af1435cfa0 JavaThread "process reaper (pid 6120)"  daemon [_thread_in_native, id=9556, stack(0x00000056509a0000,0x00000056509c0000) (128K)]
  0x000001af1435a1b0 JavaThread "pool-4-thread-7"                   [_thread_in_native, id=7456, stack(0x0000005653900000,0x0000005653a00000) (1024K)]
  0x000001af1435a840 JavaThread "RxNewThreadScheduler-17"    daemon [_thread_blocked, id=12980, stack(0x0000005655900000,0x0000005655a00000) (1024K)]
Total: 69

Other Threads:
  0x000001aeaf89fb80 VMThread "VM Thread"                           [id=26916, stack(0x0000005651300000,0x0000005651400000) (1024K)]
  0x000001aeaf68ca00 WatcherThread "VM Periodic Task Thread"        [id=22408, stack(0x0000005651200000,0x0000005651300000) (1024K)]
  0x000001aeaf8202b0 WorkerThread "GC Thread#0"                     [id=18724, stack(0x0000005651100000,0x0000005651200000) (1024K)]
  0x000001af0e6e3900 WorkerThread "GC Thread#1"                     [id=1628, stack(0x0000005652300000,0x0000005652400000) (1024K)]
  0x000001af0e494ed0 WorkerThread "GC Thread#2"                     [id=3684, stack(0x0000005652400000,0x0000005652500000) (1024K)]
  0x000001af0e495280 WorkerThread "GC Thread#3"                     [id=24064, stack(0x0000005652500000,0x0000005652600000) (1024K)]
  0x000001af0e8afb20 WorkerThread "GC Thread#4"                     [id=20724, stack(0x0000005652600000,0x0000005652700000) (1024K)]
  0x000001af0e8afed0 WorkerThread "GC Thread#5"                     [id=14776, stack(0x0000005652700000,0x0000005652800000) (1024K)]
  0x000001af0e8b0280 WorkerThread "GC Thread#6"                     [id=3220, stack(0x0000005652800000,0x0000005652900000) (1024K)]
  0x000001af0ec829f0 WorkerThread "GC Thread#7"                     [id=1964, stack(0x0000005652c00000,0x0000005652d00000) (1024K)]
  0x000001af0ecfdcf0 WorkerThread "GC Thread#8"                     [id=16072, stack(0x0000005652200000,0x0000005652300000) (1024K)]
  0x000001af0ea9eca0 WorkerThread "GC Thread#9"                     [id=2636, stack(0x0000005652900000,0x0000005652a00000) (1024K)]
  0x000001af0ea9f050 WorkerThread "GC Thread#10"                    [id=21576, stack(0x0000005652a00000,0x0000005652b00000) (1024K)]
  0x000001af0e243a00 WorkerThread "GC Thread#11"                    [id=21496, stack(0x0000005650d00000,0x0000005650e00000) (1024K)]
  0x000001af0e482d20 WorkerThread "GC Thread#12"                    [id=11688, stack(0x0000005652100000,0x0000005652200000) (1024K)]
Total: 15

Threads with active compile tasks:
Total: 0

VM state: not at safepoint (normal execution)

VM Mutex/Monitor currently owned by a thread: None

Heap address: 0x0000000080000000, size: 2048 MB, Compressed Oops mode: 32-bit

CDS archive(s) mapped at: [0x000001aec7000000-0x000001aec7ba0000-0x000001aec7ba0000), size 12189696, SharedBaseAddress: 0x000001aec7000000, ArchiveRelocationMode: 1.
Compressed class space mapped at: 0x000001aec8000000-0x000001af08000000, reserved size: 1073741824
Narrow klass base: 0x000001aec7000000, Narrow klass shift: 0, Narrow klass range: 0x100000000

GC Precious Log:
 CardTable entry size: 512
 CPUs: 16 total, 16 available
 Memory: 16052M
 Large Page Support: Disabled
 NUMA Support: Disabled
 Compressed Oops: Enabled (32-bit)
 Alignments: Space 512K, Generation 512K, Heap 2M
 Heap Min Capacity: 100M
 Heap Initial Capacity: 100M
 Heap Max Capacity: 2G
 Pre-touch: Disabled
 Parallel Workers: 13

Heap:
 PSYoungGen      total 4608K, used 4439K [0x00000000d5580000, 0x00000000d5c00000, 0x0000000100000000)
  eden space 3584K, 95% used [0x00000000d5580000,0x00000000d58d5cc0,0x00000000d5900000)
  from space 1024K, 100% used [0x00000000d5900000,0x00000000d5a00000,0x00000000d5a00000)
  to   space 1536K, 0% used [0x00000000d5a80000,0x00000000d5a80000,0x00000000d5c00000)
 ParOldGen       total 560128K, used 489879K [0x0000000080000000, 0x00000000a2300000, 0x00000000d5580000)
  object space 560128K, 87% used [0x0000000080000000,0x000000009de65db0,0x00000000a2300000)
 Metaspace       used 102103K, committed 104000K, reserved 1179648K
  class space    used 10424K, committed 11392K, reserved 1048576K

Card table byte_map: [0x000001aeaf1a0000,0x000001aeaf5b0000] _byte_map_base: 0x000001aeaeda0000

Marking Bits: (ParMarkBitMap*) 0x00007ffcde5b3450
 Begin Bits: [0x000001aec1cb0000, 0x000001aec3cb0000)
 End Bits:   [0x000001aec3cb0000, 0x000001aec5cb0000)

Polling page: 0x000001aead5f0000

Metaspace:

Usage:
  Non-class:     89.53 MB used.
      Class:     10.18 MB used.
       Both:     99.71 MB used.

Virtual space:
  Non-class space:      128.00 MB reserved,      90.44 MB ( 71%) committed,  2 nodes.
      Class space:        1.00 GB reserved,      11.12 MB (  1%) committed,  1 nodes.
             Both:        1.12 GB reserved,     101.56 MB (  9%) committed. 

Chunk freelists:
   Non-Class:  5.60 MB
       Class:  5.04 MB
        Both:  10.64 MB

MaxMetaspaceSize: unlimited
CompressedClassSpaceSize: 1.00 GB
Initial GC threshold: 21.00 MB
Current GC threshold: 167.94 MB
CDS: on
 - commit_granule_bytes: 65536.
 - commit_granule_words: 8192.
 - virtual_space_node_default_size: 8388608.
 - enlarge_chunks_in_place: 1.
 - use_allocation_guard: 0.


Internal statistics:

num_allocs_failed_limit: 11.
num_arena_births: 1986.
num_arena_deaths: 418.
num_vsnodes_births: 3.
num_vsnodes_deaths: 0.
num_space_committed: 1625.
num_space_uncommitted: 0.
num_chunks_returned_to_freelist: 534.
num_chunks_taken_from_freelist: 7197.
num_chunk_merges: 150.
num_chunk_splits: 4172.
num_chunks_enlarged: 2196.
num_inconsistent_stats: 0.

CodeHeap 'non-profiled nmethods': size=119168Kb used=25857Kb max_used=27026Kb free=93310Kb
 bounds [0x000001aeba5a0000, 0x000001aebc020000, 0x000001aec1a00000]
CodeHeap 'profiled nmethods': size=119104Kb used=52584Kb max_used=58427Kb free=66519Kb
 bounds [0x000001aeb2a00000, 0x000001aeb6350000, 0x000001aeb9e50000]
CodeHeap 'non-nmethods': size=7488Kb used=1572Kb max_used=3381Kb free=5916Kb
 bounds [0x000001aeb9e50000, 0x000001aeba1a0000, 0x000001aeba5a0000]
CodeCache: size=245760Kb, used=80013Kb, max_used=88834Kb, free=165745Kb
 total_blobs=21706, nmethods=20805, adapters=803, full_count=0
Compilation: enabled, stopped_count=0, restarted_count=0

Compilation events (20 events):
Event: 3021.254 Thread 0x000001af0864c620 nmethod 29062 0x000001aeb454d790 code [0x000001aeb454d940, 0x000001aeb454db68]
Event: 3021.255 Thread 0x000001aeaf8acb80 nmethod 29061 0x000001aebaeee490 code [0x000001aebaeee620, 0x000001aebaeee728]
Event: 3021.255 Thread 0x000001aeaf8acb80 29059       4       java.io.ObjectOutputStream$BlockDataOutputStream::drain (45 bytes)
Event: 3021.256 Thread 0x000001af0864c620 29065       3       org.eclipse.core.internal.dtree.DataTreeWriter::writeNode (182 bytes)
Event: 3021.257 Thread 0x000001af0864c620 nmethod 29065 0x000001aeb3bf1110 code [0x000001aeb3bf13e0, 0x000001aeb3bf20c0]
Event: 3021.257 Thread 0x000001af0864c620 29064       1       org.eclipse.core.internal.dtree.DataDeltaNode::type (2 bytes)
Event: 3021.257 Thread 0x000001af0864c620 nmethod 29064 0x000001aebaeee190 code [0x000001aebaeee320, 0x000001aebaeee3e8]
Event: 3021.257 Thread 0x000001af0864c620 29066       3       org.eclipse.core.internal.events.ResourceDeltaFactory::computeDelta (203 bytes)
Event: 3021.259 Thread 0x000001af0864c620 nmethod 29066 0x000001aeb35f8510 code [0x000001aeb35f8820, 0x000001aeb35f9530]
Event: 3021.259 Thread 0x000001af0864c620 29067       3       org.eclipse.core.internal.dtree.DeltaDataTree::asReverseComparisonTree (115 bytes)
Event: 3021.260 Thread 0x000001af0864c620 nmethod 29067 0x000001aeb46de390 code [0x000001aeb46de5a0, 0x000001aeb46deed0]
Event: 3021.260 Thread 0x000001af0864c620 29068       3       org.eclipse.core.internal.events.ResourceDeltaInfo::<init> (20 bytes)
Event: 3021.260 Thread 0x000001af0864c620 nmethod 29068 0x000001aeb4d1f990 code [0x000001aeb4d1fb40, 0x000001aeb4d1fce8]
Event: 3021.260 Thread 0x000001af0864c620 29069       3       org.eclipse.core.internal.events.NodeIDMap::<init> (64 bytes)
Event: 3021.260 Thread 0x000001af0864c620 nmethod 29069 0x000001aeb409cd10 code [0x000001aeb409cec0, 0x000001aeb409d260]
Event: 3021.262 Thread 0x000001aeaf8acb80 nmethod 29059 0x000001aebb19b590 code [0x000001aebb19b7e0, 0x000001aebb19bf90]
Event: 3021.262 Thread 0x000001aeaf8acb80 29063       4       org.eclipse.core.internal.dtree.AbstractDataTreeNode::assembleWith (177 bytes)
Event: 3021.265 Thread 0x000001aeaf8acb80 nmethod 29063 0x000001aebb19a590 code [0x000001aebb19a7e0, 0x000001aebb19b058]
Event: 3021.408 Thread 0x000001af0864c620 29070       1       org.eclipse.core.internal.events.ResourceChangeEvent::getBuildKind (5 bytes)
Event: 3021.409 Thread 0x000001af0864c620 nmethod 29070 0x000001aebaeede90 code [0x000001aebaeee020, 0x000001aebaeee0e8]

GC Heap History (20 events):
Event: 3017.571 GC heap before
{Heap before GC invocations=2112 (full 6):
 PSYoungGen      total 5632K, used 4385K [0x00000000d5580000, 0x00000000d5c80000, 0x0000000100000000)
  eden space 4096K, 100% used [0x00000000d5580000,0x00000000d5980000,0x00000000d5980000)
  from space 1536K, 18% used [0x00000000d5980000,0x00000000d59c8678,0x00000000d5b00000)
  to   space 1024K, 0% used [0x00000000d5b80000,0x00000000d5b80000,0x00000000d5c80000)
 ParOldGen       total 560128K, used 484062K [0x0000000080000000, 0x00000000a2300000, 0x00000000d5580000)
  object space 560128K, 86% used [0x0000000080000000,0x000000009d8b7a48,0x00000000a2300000)
 Metaspace       used 102036K, committed 103936K, reserved 1179648K
  class space    used 10411K, committed 11392K, reserved 1048576K
}
Event: 3017.573 GC heap after
{Heap after GC invocations=2112 (full 6):
 PSYoungGen      total 5120K, used 1008K [0x00000000d5580000, 0x00000000d5e80000, 0x0000000100000000)
  eden space 4096K, 0% used [0x00000000d5580000,0x00000000d5580000,0x00000000d5980000)
  from space 1024K, 98% used [0x00000000d5b80000,0x00000000d5c7c010,0x00000000d5c80000)
  to   space 2048K, 0% used [0x00000000d5980000,0x00000000d5980000,0x00000000d5b80000)
 ParOldGen       total 560128K, used 484496K [0x0000000080000000, 0x00000000a2300000, 0x00000000d5580000)
  object space 560128K, 86% used [0x0000000080000000,0x000000009d9240d0,0x00000000a2300000)
 Metaspace       used 102036K, committed 103936K, reserved 1179648K
  class space    used 10411K, committed 11392K, reserved 1048576K
}
Event: 3017.587 GC heap before
{Heap before GC invocations=2113 (full 6):
 PSYoungGen      total 5120K, used 5104K [0x00000000d5580000, 0x00000000d5e80000, 0x0000000100000000)
  eden space 4096K, 100% used [0x00000000d5580000,0x00000000d5980000,0x00000000d5980000)
  from space 1024K, 98% used [0x00000000d5b80000,0x00000000d5c7c010,0x00000000d5c80000)
  to   space 2048K, 0% used [0x00000000d5980000,0x00000000d5980000,0x00000000d5b80000)
 ParOldGen       total 560128K, used 484496K [0x0000000080000000, 0x00000000a2300000, 0x00000000d5580000)
  object space 560128K, 86% used [0x0000000080000000,0x000000009d9240d0,0x00000000a2300000)
 Metaspace       used 102037K, committed 103936K, reserved 1179648K
  class space    used 10411K, committed 11392K, reserved 1048576K
}
Event: 3017.589 GC heap after
{Heap after GC invocations=2113 (full 6):
 PSYoungGen      total 5120K, used 1024K [0x00000000d5580000, 0x00000000d5c80000, 0x0000000100000000)
  eden space 4096K, 0% used [0x00000000d5580000,0x00000000d5580000,0x00000000d5980000)
  from space 1024K, 100% used [0x00000000d5980000,0x00000000d5a80000,0x00000000d5a80000)
  to   space 1536K, 0% used [0x00000000d5b00000,0x00000000d5b00000,0x00000000d5c80000)
 ParOldGen       total 560128K, used 485495K [0x0000000080000000, 0x00000000a2300000, 0x00000000d5580000)
  object space 560128K, 86% used [0x0000000080000000,0x000000009da1dc40,0x00000000a2300000)
 Metaspace       used 102037K, committed 103936K, reserved 1179648K
  class space    used 10411K, committed 11392K, reserved 1048576K
}
Event: 3017.833 GC heap before
{Heap before GC invocations=2114 (full 6):
 PSYoungGen      total 5120K, used 5120K [0x00000000d5580000, 0x00000000d5c80000, 0x0000000100000000)
  eden space 4096K, 100% used [0x00000000d5580000,0x00000000d5980000,0x00000000d5980000)
  from space 1024K, 100% used [0x00000000d5980000,0x00000000d5a80000,0x00000000d5a80000)
  to   space 1536K, 0% used [0x00000000d5b00000,0x00000000d5b00000,0x00000000d5c80000)
 ParOldGen       total 560128K, used 485495K [0x0000000080000000, 0x00000000a2300000, 0x00000000d5580000)
  object space 560128K, 86% used [0x0000000080000000,0x000000009da1dc40,0x00000000a2300000)
 Metaspace       used 102037K, committed 103936K, reserved 1179648K
  class space    used 10411K, committed 11392K, reserved 1048576K
}
Event: 3017.834 GC heap after
{Heap after GC invocations=2114 (full 6):
 PSYoungGen      total 5120K, used 576K [0x00000000d5580000, 0x00000000d5c00000, 0x0000000100000000)
  eden space 4096K, 0% used [0x00000000d5580000,0x00000000d5580000,0x00000000d5980000)
  from space 1024K, 56% used [0x00000000d5b00000,0x00000000d5b90000,0x00000000d5c00000)
  to   space 1024K, 0% used [0x00000000d5980000,0x00000000d5980000,0x00000000d5a80000)
 ParOldGen       total 560128K, used 486260K [0x0000000080000000, 0x00000000a2300000, 0x00000000d5580000)
  object space 560128K, 86% used [0x0000000080000000,0x000000009dadd2d0,0x00000000a2300000)
 Metaspace       used 102037K, committed 103936K, reserved 1179648K
  class space    used 10411K, committed 11392K, reserved 1048576K
}
Event: 3018.012 GC heap before
{Heap before GC invocations=2115 (full 6):
 PSYoungGen      total 5120K, used 4672K [0x00000000d5580000, 0x00000000d5c00000, 0x0000000100000000)
  eden space 4096K, 100% used [0x00000000d5580000,0x00000000d5980000,0x00000000d5980000)
  from space 1024K, 56% used [0x00000000d5b00000,0x00000000d5b90000,0x00000000d5c00000)
  to   space 1024K, 0% used [0x00000000d5980000,0x00000000d5980000,0x00000000d5a80000)
 ParOldGen       total 560128K, used 486260K [0x0000000080000000, 0x00000000a2300000, 0x00000000d5580000)
  object space 560128K, 86% used [0x0000000080000000,0x000000009dadd2d0,0x00000000a2300000)
 Metaspace       used 102038K, committed 103936K, reserved 1179648K
  class space    used 10411K, committed 11392K, reserved 1048576K
}
Event: 3018.014 GC heap after
{Heap after GC invocations=2115 (full 6):
 PSYoungGen      total 5120K, used 384K [0x00000000d5580000, 0x00000000d5b80000, 0x0000000100000000)
  eden space 4096K, 0% used [0x00000000d5580000,0x00000000d5580000,0x00000000d5980000)
  from space 1024K, 37% used [0x00000000d5980000,0x00000000d59e0000,0x00000000d5a80000)
  to   space 512K, 0% used [0x00000000d5b00000,0x00000000d5b00000,0x00000000d5b80000)
 ParOldGen       total 560128K, used 486670K [0x0000000080000000, 0x00000000a2300000, 0x00000000d5580000)
  object space 560128K, 86% used [0x0000000080000000,0x000000009db43948,0x00000000a2300000)
 Metaspace       used 102038K, committed 103936K, reserved 1179648K
  class space    used 10411K, committed 11392K, reserved 1048576K
}
Event: 3018.025 GC heap before
{Heap before GC invocations=2116 (full 6):
 PSYoungGen      total 5120K, used 4480K [0x00000000d5580000, 0x00000000d5b80000, 0x0000000100000000)
  eden space 4096K, 100% used [0x00000000d5580000,0x00000000d5980000,0x00000000d5980000)
  from space 1024K, 37% used [0x00000000d5980000,0x00000000d59e0000,0x00000000d5a80000)
  to   space 512K, 0% used [0x00000000d5b00000,0x00000000d5b00000,0x00000000d5b80000)
 ParOldGen       total 560128K, used 486670K [0x0000000080000000, 0x00000000a2300000, 0x00000000d5580000)
  object space 560128K, 86% used [0x0000000080000000,0x000000009db43948,0x00000000a2300000)
 Metaspace       used 102038K, committed 103936K, reserved 1179648K
  class space    used 10411K, committed 11392K, reserved 1048576K
}
Event: 3018.027 GC heap after
{Heap after GC invocations=2116 (full 6):
 PSYoungGen      total 4096K, used 512K [0x00000000d5580000, 0x00000000d5d80000, 0x0000000100000000)
  eden space 3584K, 0% used [0x00000000d5580000,0x00000000d5580000,0x00000000d5900000)
  from space 512K, 100% used [0x00000000d5b00000,0x00000000d5b80000,0x00000000d5b80000)
  to   space 2048K, 0% used [0x00000000d5900000,0x00000000d5900000,0x00000000d5b00000)
 ParOldGen       total 560128K, used 487834K [0x0000000080000000, 0x00000000a2300000, 0x00000000d5580000)
  object space 560128K, 87% used [0x0000000080000000,0x000000009dc668e0,0x00000000a2300000)
 Metaspace       used 102038K, committed 103936K, reserved 1179648K
  class space    used 10411K, committed 11392K, reserved 1048576K
}
Event: 3018.033 GC heap before
{Heap before GC invocations=2117 (full 6):
 PSYoungGen      total 4096K, used 4096K [0x00000000d5580000, 0x00000000d5d80000, 0x0000000100000000)
  eden space 3584K, 100% used [0x00000000d5580000,0x00000000d5900000,0x00000000d5900000)
  from space 512K, 100% used [0x00000000d5b00000,0x00000000d5b80000,0x00000000d5b80000)
  to   space 2048K, 0% used [0x00000000d5900000,0x00000000d5900000,0x00000000d5b00000)
 ParOldGen       total 560128K, used 487834K [0x0000000080000000, 0x00000000a2300000, 0x00000000d5580000)
  object space 560128K, 87% used [0x0000000080000000,0x000000009dc668e0,0x00000000a2300000)
 Metaspace       used 102038K, committed 103936K, reserved 1179648K
  class space    used 10411K, committed 11392K, reserved 1048576K
}
Event: 3018.035 GC heap after
{Heap after GC invocations=2117 (full 6):
 PSYoungGen      total 5120K, used 1424K [0x00000000d5580000, 0x00000000d5c00000, 0x0000000100000000)
  eden space 3584K, 0% used [0x00000000d5580000,0x00000000d5580000,0x00000000d5900000)
  from space 1536K, 92% used [0x00000000d5900000,0x00000000d5a64010,0x00000000d5a80000)
  to   space 1536K, 0% used [0x00000000d5a80000,0x00000000d5a80000,0x00000000d5c00000)
 ParOldGen       total 560128K, used 488394K [0x0000000080000000, 0x00000000a2300000, 0x00000000d5580000)
  object space 560128K, 87% used [0x0000000080000000,0x000000009dcf28e0,0x00000000a2300000)
 Metaspace       used 102038K, committed 103936K, reserved 1179648K
  class space    used 10411K, committed 11392K, reserved 1048576K
}
Event: 3018.585 GC heap before
{Heap before GC invocations=2118 (full 6):
 PSYoungGen      total 5120K, used 5008K [0x00000000d5580000, 0x00000000d5c00000, 0x0000000100000000)
  eden space 3584K, 100% used [0x00000000d5580000,0x00000000d5900000,0x00000000d5900000)
  from space 1536K, 92% used [0x00000000d5900000,0x00000000d5a64010,0x00000000d5a80000)
  to   space 1536K, 0% used [0x00000000d5a80000,0x00000000d5a80000,0x00000000d5c00000)
 ParOldGen       total 560128K, used 488394K [0x0000000080000000, 0x00000000a2300000, 0x00000000d5580000)
  object space 560128K, 87% used [0x0000000080000000,0x000000009dcf28e0,0x00000000a2300000)
 Metaspace       used 102088K, committed 104000K, reserved 1179648K
  class space    used 10423K, committed 11392K, reserved 1048576K
}
Event: 3018.586 GC heap after
{Heap after GC invocations=2118 (full 6):
 PSYoungGen      total 4096K, used 369K [0x00000000d5580000, 0x00000000d5b00000, 0x0000000100000000)
  eden space 3584K, 0% used [0x00000000d5580000,0x00000000d5580000,0x00000000d5900000)
  from space 512K, 72% used [0x00000000d5a80000,0x00000000d5adc668,0x00000000d5b00000)
  to   space 1024K, 0% used [0x00000000d5900000,0x00000000d5900000,0x00000000d5a00000)
 ParOldGen       total 560128K, used 488525K [0x0000000080000000, 0x00000000a2300000, 0x00000000d5580000)
  object space 560128K, 87% used [0x0000000080000000,0x000000009dd137d0,0x00000000a2300000)
 Metaspace       used 102088K, committed 104000K, reserved 1179648K
  class space    used 10423K, committed 11392K, reserved 1048576K
}
Event: 3018.904 GC heap before
{Heap before GC invocations=2119 (full 6):
 PSYoungGen      total 4096K, used 3953K [0x00000000d5580000, 0x00000000d5b00000, 0x0000000100000000)
  eden space 3584K, 100% used [0x00000000d5580000,0x00000000d5900000,0x00000000d5900000)
  from space 512K, 72% used [0x00000000d5a80000,0x00000000d5adc668,0x00000000d5b00000)
  to   space 1024K, 0% used [0x00000000d5900000,0x00000000d5900000,0x00000000d5a00000)
 ParOldGen       total 560128K, used 488525K [0x0000000080000000, 0x00000000a2300000, 0x00000000d5580000)
  object space 560128K, 87% used [0x0000000080000000,0x000000009dd137d0,0x00000000a2300000)
 Metaspace       used 102091K, committed 104000K, reserved 1179648K
  class space    used 10423K, committed 11392K, reserved 1048576K
}
Event: 3018.905 GC heap after
{Heap after GC invocations=2119 (full 6):
 PSYoungGen      total 4608K, used 995K [0x00000000d5580000, 0x00000000d5c00000, 0x0000000100000000)
  eden space 3584K, 0% used [0x00000000d5580000,0x00000000d5580000,0x00000000d5900000)
  from space 1024K, 97% used [0x00000000d5900000,0x00000000d59f8cd0,0x00000000d5a00000)
  to   space 1536K, 0% used [0x00000000d5a80000,0x00000000d5a80000,0x00000000d5c00000)
 ParOldGen       total 560128K, used 488637K [0x0000000080000000, 0x00000000a2300000, 0x00000000d5580000)
  object space 560128K, 87% used [0x0000000080000000,0x000000009dd2f7d0,0x00000000a2300000)
 Metaspace       used 102091K, committed 104000K, reserved 1179648K
  class space    used 10423K, committed 11392K, reserved 1048576K
}
Event: 3019.258 GC heap before
{Heap before GC invocations=2120 (full 6):
 PSYoungGen      total 4608K, used 4579K [0x00000000d5580000, 0x00000000d5c00000, 0x0000000100000000)
  eden space 3584K, 100% used [0x00000000d5580000,0x00000000d5900000,0x00000000d5900000)
  from space 1024K, 97% used [0x00000000d5900000,0x00000000d59f8cd0,0x00000000d5a00000)
  to   space 1536K, 0% used [0x00000000d5a80000,0x00000000d5a80000,0x00000000d5c00000)
 ParOldGen       total 560128K, used 488637K [0x0000000080000000, 0x00000000a2300000, 0x00000000d5580000)
  object space 560128K, 87% used [0x0000000080000000,0x000000009dd2f7d0,0x00000000a2300000)
 Metaspace       used 102091K, committed 104000K, reserved 1179648K
  class space    used 10423K, committed 11392K, reserved 1048576K
}
Event: 3019.260 GC heap after
{Heap after GC invocations=2120 (full 6):
 PSYoungGen      total 4608K, used 640K [0x00000000d5580000, 0x00000000d5b80000, 0x0000000100000000)
  eden space 3584K, 0% used [0x00000000d5580000,0x00000000d5580000,0x00000000d5900000)
  from space 1024K, 62% used [0x00000000d5a80000,0x00000000d5b20000,0x00000000d5b80000)
  to   space 1024K, 0% used [0x00000000d5900000,0x00000000d5900000,0x00000000d5a00000)
 ParOldGen       total 560128K, used 489571K [0x0000000080000000, 0x00000000a2300000, 0x00000000d5580000)
  object space 560128K, 87% used [0x0000000080000000,0x000000009de18da0,0x00000000a2300000)
 Metaspace       used 102091K, committed 104000K, reserved 1179648K
  class space    used 10423K, committed 11392K, reserved 1048576K
}
Event: 3019.354 GC heap before
{Heap before GC invocations=2121 (full 6):
 PSYoungGen      total 4608K, used 4224K [0x00000000d5580000, 0x00000000d5b80000, 0x0000000100000000)
  eden space 3584K, 100% used [0x00000000d5580000,0x00000000d5900000,0x00000000d5900000)
  from space 1024K, 62% used [0x00000000d5a80000,0x00000000d5b20000,0x00000000d5b80000)
  to   space 1024K, 0% used [0x00000000d5900000,0x00000000d5900000,0x00000000d5a00000)
 ParOldGen       total 560128K, used 489571K [0x0000000080000000, 0x00000000a2300000, 0x00000000d5580000)
  object space 560128K, 87% used [0x0000000080000000,0x000000009de18da0,0x00000000a2300000)
 Metaspace       used 102091K, committed 104000K, reserved 1179648K
  class space    used 10423K, committed 11392K, reserved 1048576K
}
Event: 3019.356 GC heap after
{Heap after GC invocations=2121 (full 6):
 PSYoungGen      total 4608K, used 1024K [0x00000000d5580000, 0x00000000d5c00000, 0x0000000100000000)
  eden space 3584K, 0% used [0x00000000d5580000,0x00000000d5580000,0x00000000d5900000)
  from space 1024K, 100% used [0x00000000d5900000,0x00000000d5a00000,0x00000000d5a00000)
  to   space 1536K, 0% used [0x00000000d5a80000,0x00000000d5a80000,0x00000000d5c00000)
 ParOldGen       total 560128K, used 489879K [0x0000000080000000, 0x00000000a2300000, 0x00000000d5580000)
  object space 560128K, 87% used [0x0000000080000000,0x000000009de65db0,0x00000000a2300000)
 Metaspace       used 102091K, committed 104000K, reserved 1179648K
  class space    used 10423K, committed 11392K, reserved 1048576K
}

Dll operation events (12 events):
Event: 0.036 Loaded shared library c:\Users\TRAN THI TUYET TRINH\.antigravity\extensions\redhat.java-1.54.0-win32-x64\jre\21.0.10-win32-x86_64\bin\java.dll
Event: 0.233 Loaded shared library c:\Users\TRAN THI TUYET TRINH\.antigravity\extensions\redhat.java-1.54.0-win32-x64\jre\21.0.10-win32-x86_64\bin\zip.dll
Event: 0.286 Loaded shared library C:\Users\TRAN THI TUYET TRINH\.antigravity\extensions\redhat.java-1.54.0-win32-x64\jre\21.0.10-win32-x86_64\bin\instrument.dll
Event: 0.301 Loaded shared library C:\Users\TRAN THI TUYET TRINH\.antigravity\extensions\redhat.java-1.54.0-win32-x64\jre\21.0.10-win32-x86_64\bin\net.dll
Event: 0.311 Loaded shared library C:\Users\TRAN THI TUYET TRINH\.antigravity\extensions\redhat.java-1.54.0-win32-x64\jre\21.0.10-win32-x86_64\bin\nio.dll
Event: 0.319 Loaded shared library C:\Users\TRAN THI TUYET TRINH\.antigravity\extensions\redhat.java-1.54.0-win32-x64\jre\21.0.10-win32-x86_64\bin\zip.dll
Event: 0.377 Loaded shared library C:\Users\TRAN THI TUYET TRINH\.antigravity\extensions\redhat.java-1.54.0-win32-x64\jre\21.0.10-win32-x86_64\bin\jimage.dll
Event: 0.586 Loaded shared library c:\Users\TRAN THI TUYET TRINH\.antigravity\extensions\redhat.java-1.54.0-win32-x64\jre\21.0.10-win32-x86_64\bin\verify.dll
Event: 17.832 Loaded shared library C:\Users\TRAN THI TUYET TRINH\AppData\Roaming\Antigravity\User\globalStorage\redhat.java\1.54.0\config_win\org.eclipse.equinox.launcher\org.eclipse.equinox.launcher.win32.win32.x86_64_1.3.0.v20260203-2149\eclipse_11919.dll
Event: 49.243 Loaded shared library C:\Users\TRAN THI TUYET TRINH\AppData\Local\Temp\jna--1501819508\jna4569409453351958653.dll
Event: 101.441 Loaded shared library C:\Users\TRAN THI TUYET TRINH\.antigravity\extensions\redhat.java-1.54.0-win32-x64\jre\21.0.10-win32-x86_64\bin\extnet.dll
Event: 105.170 Loaded shared library C:\Users\TRAN THI TUYET TRINH\.antigravity\extensions\redhat.java-1.54.0-win32-x64\jre\21.0.10-win32-x86_64\bin\sunmscapi.dll

Deoptimization events (20 events):
Event: 3018.583 Thread 0x000001af19182ba0 Uncommon trap: trap_request=0xffffffc6 fr.pc=0x000001aebb6c0320 relative=0x00000000000006c0
Event: 3018.583 Thread 0x000001af19182ba0 Uncommon trap: reason=bimorphic_or_optimized_type_check action=maybe_recompile pc=0x000001aebb6c0320 method=org.eclipse.jdt.core.dom.TypeBinding.getPackage()Lorg/eclipse/jdt/core/dom/IPackageBinding; @ 4 c2
Event: 3018.583 Thread 0x000001af19182ba0 DEOPT PACKING pc=0x000001aebb6c0320 sp=0x00000056534fe970
Event: 3018.583 Thread 0x000001af19182ba0 DEOPT UNPACKING pc=0x000001aeb9ea3aa2 sp=0x00000056534fe948 mode 2
Event: 3018.583 Thread 0x000001af19182ba0 Uncommon trap: trap_request=0xffffff45 fr.pc=0x000001aebb713bc0 relative=0x0000000000001700
Event: 3018.583 Thread 0x000001af19182ba0 Uncommon trap: reason=unstable_if action=reinterpret pc=0x000001aebb713bc0 method=org.eclipse.jdt.core.dom.TypeBinding.getName()Ljava/lang/String; @ 489 c2
Event: 3018.583 Thread 0x000001af19182ba0 DEOPT PACKING pc=0x000001aebb713bc0 sp=0x00000056534fea70
Event: 3018.583 Thread 0x000001af19182ba0 DEOPT UNPACKING pc=0x000001aeb9ea3aa2 sp=0x00000056534fea20 mode 2
Event: 3019.254 Thread 0x000001af19182ba0 Uncommon trap: trap_request=0xffffff45 fr.pc=0x000001aebb6cc1ec relative=0x000000000000012c
Event: 3019.254 Thread 0x000001af19182ba0 Uncommon trap: reason=unstable_if action=reinterpret pc=0x000001aebb6cc1ec method=org.eclipse.jdt.ls.core.internal.text.correction.QuickAssistProcessor$1.visitNode(Lorg/eclipse/jdt/core/dom/ASTNode;)Z @ 46 c2
Event: 3019.254 Thread 0x000001af19182ba0 DEOPT PACKING pc=0x000001aebb6cc1ec sp=0x00000056534fe9f0
Event: 3019.254 Thread 0x000001af19182ba0 DEOPT UNPACKING pc=0x000001aeb9ea3aa2 sp=0x00000056534fe968 mode 2
Event: 3020.188 Thread 0x000001af19182ba0 Uncommon trap: trap_request=0xffffffde fr.pc=0x000001aebb7176b0 relative=0x0000000000000410
Event: 3020.188 Thread 0x000001af19182ba0 Uncommon trap: reason=class_check action=maybe_recompile pc=0x000001aebb7176b0 method=org.eclipse.jdt.core.dom.TypeBinding.getDeclaringClass()Lorg/eclipse/jdt/core/dom/ITypeBinding; @ 41 c2
Event: 3020.188 Thread 0x000001af19182ba0 DEOPT PACKING pc=0x000001aebb7176b0 sp=0x00000056534fea30
Event: 3020.188 Thread 0x000001af19182ba0 DEOPT UNPACKING pc=0x000001aeb9ea3aa2 sp=0x00000056534fe9d0 mode 2
Event: 3020.188 Thread 0x000001af19182ba0 Uncommon trap: trap_request=0xffffffc6 fr.pc=0x000001aebb6c0320 relative=0x00000000000006c0
Event: 3020.188 Thread 0x000001af19182ba0 Uncommon trap: reason=bimorphic_or_optimized_type_check action=maybe_recompile pc=0x000001aebb6c0320 method=org.eclipse.jdt.core.dom.TypeBinding.getPackage()Lorg/eclipse/jdt/core/dom/IPackageBinding; @ 4 c2
Event: 3020.188 Thread 0x000001af19182ba0 DEOPT PACKING pc=0x000001aebb6c0320 sp=0x00000056534fe970
Event: 3020.188 Thread 0x000001af19182ba0 DEOPT UNPACKING pc=0x000001aeb9ea3aa2 sp=0x00000056534fe948 mode 2

Classes loaded (20 events):
Event: 1324.574 Loading class java/util/stream/Nodes$ConcNode
Event: 1324.575 Loading class java/util/stream/Nodes$AbstractConcNode
Event: 1324.575 Loading class java/util/stream/Nodes$AbstractConcNode done
Event: 1324.575 Loading class java/util/stream/Nodes$ConcNode done
Event: 1324.580 Loading class java/io/ObjectOutputStream$BlockDataOutputStream
Event: 1324.580 Loading class java/io/ObjectOutputStream$BlockDataOutputStream done
Event: 1324.580 Loading class java/io/ObjectOutputStream$HandleTable
Event: 1324.580 Loading class java/io/ObjectOutputStream$HandleTable done
Event: 1324.580 Loading class java/io/ObjectOutputStream$ReplaceTable
Event: 1324.580 Loading class java/io/ObjectOutputStream$ReplaceTable done
Event: 2706.350 Loading class java/nio/channels/CompletionHandler
Event: 2706.350 Loading class java/nio/channels/CompletionHandler done
Event: 2907.254 Loading class javax/swing/event/TableModelEvent
Event: 2907.255 Loading class javax/swing/event/TableModelEvent done
Event: 2907.258 Loading class javax/swing/table/AbstractTableModel
Event: 2907.258 Loading class javax/swing/table/TableModel
Event: 2907.259 Loading class javax/swing/table/TableModel done
Event: 2907.259 Loading class javax/swing/table/AbstractTableModel done
Event: 2907.260 Loading class javax/swing/event/TableModelListener
Event: 2907.260 Loading class javax/swing/event/TableModelListener done

Classes unloaded (20 events):
Event: 2719.342 Thread 0x000001aeaf89fb80 Unloading class 0x000001aec801ec00 'java/lang/invoke/LambdaForm$MH+0x000001aec801ec00'
Event: 2719.342 Thread 0x000001aeaf89fb80 Unloading class 0x000001aec8018800 'java/lang/invoke/LambdaForm$MH+0x000001aec8018800'
Event: 2719.342 Thread 0x000001aeaf89fb80 Unloading class 0x000001aec800d800 'java/lang/invoke/LambdaForm$MH+0x000001aec800d800'
Event: 2719.342 Thread 0x000001aeaf89fb80 Unloading class 0x000001aec800d400 'java/lang/invoke/LambdaForm$MH+0x000001aec800d400'
Event: 2719.342 Thread 0x000001aeaf89fb80 Unloading class 0x000001aec800d000 'java/lang/invoke/LambdaForm$MH+0x000001aec800d000'
Event: 2719.342 Thread 0x000001aeaf89fb80 Unloading class 0x000001aec800cc00 'java/lang/invoke/LambdaForm$MH+0x000001aec800cc00'
Event: 2719.342 Thread 0x000001aeaf89fb80 Unloading class 0x000001aec800c800 'java/lang/invoke/LambdaForm$BMH+0x000001aec800c800'
Event: 2719.342 Thread 0x000001aeaf89fb80 Unloading class 0x000001aec800c000 'java/lang/invoke/LambdaForm$DMH+0x000001aec800c000'
Event: 2719.342 Thread 0x000001aeaf89fb80 Unloading class 0x000001aec8008c00 'java/lang/invoke/LambdaForm$MH+0x000001aec8008c00'
Event: 2719.342 Thread 0x000001aeaf89fb80 Unloading class 0x000001aec8008800 'java/lang/invoke/LambdaForm$MH+0x000001aec8008800'
Event: 2719.342 Thread 0x000001aeaf89fb80 Unloading class 0x000001aec8008400 'java/lang/invoke/LambdaForm$MH+0x000001aec8008400'
Event: 2719.342 Thread 0x000001aeaf89fb80 Unloading class 0x000001aec8007000 'java/lang/invoke/LambdaForm$MH+0x000001aec8007000'
Event: 2719.342 Thread 0x000001aeaf89fb80 Unloading class 0x000001aec8006c00 'java/lang/invoke/LambdaForm$MH+0x000001aec8006c00'
Event: 2719.342 Thread 0x000001aeaf89fb80 Unloading class 0x000001aec8006800 'java/lang/invoke/LambdaForm$MH+0x000001aec8006800'
Event: 2719.342 Thread 0x000001aeaf89fb80 Unloading class 0x000001aec8006400 'java/lang/invoke/LambdaForm$MH+0x000001aec8006400'
Event: 2719.342 Thread 0x000001aeaf89fb80 Unloading class 0x000001aec8005c00 'java/lang/invoke/LambdaForm$BMH+0x000001aec8005c00'
Event: 2719.342 Thread 0x000001aeaf89fb80 Unloading class 0x000001aec8004800 'java/lang/invoke/LambdaForm$DMH+0x000001aec8004800'
Event: 2719.342 Thread 0x000001aeaf89fb80 Unloading class 0x000001aec8002400 'java/lang/invoke/LambdaForm$MH+0x000001aec8002400'
Event: 2719.342 Thread 0x000001aeaf89fb80 Unloading class 0x000001aec8002000 'java/lang/invoke/LambdaForm$MH+0x000001aec8002000'
Event: 2719.342 Thread 0x000001aeaf89fb80 Unloading class 0x000001aec8001800 'java/lang/invoke/LambdaForm$MH+0x000001aec8001800'

Classes redefined (0 events):
No events

Internal exceptions (20 events):
Event: 2962.843 Thread 0x000001af19182ba0 Exception <a 'sun/nio/fs/WindowsException'{0x00000000d57cfcc0}> (0x00000000d57cfcc0) 
thrown [s\src\hotspot\share\prims\jni.cpp, line 520]
Event: 2962.847 Thread 0x000001af19182ba0 Exception <a 'sun/nio/fs/WindowsException'{0x00000000d57ef710}> (0x00000000d57ef710) 
thrown [s\src\hotspot\share\prims\jni.cpp, line 520]
Event: 2962.848 Thread 0x000001af19182ba0 Exception <a 'sun/nio/fs/WindowsException'{0x00000000d57f02d8}> (0x00000000d57f02d8) 
thrown [s\src\hotspot\share\prims\jni.cpp, line 520]
Event: 2962.848 Thread 0x000001af19182ba0 Exception <a 'sun/nio/fs/WindowsException'{0x00000000d57f16a8}> (0x00000000d57f16a8) 
thrown [s\src\hotspot\share\prims\jni.cpp, line 520]
Event: 2962.848 Thread 0x000001af19182ba0 Exception <a 'sun/nio/fs/WindowsException'{0x00000000d57f1f70}> (0x00000000d57f1f70) 
thrown [s\src\hotspot\share\prims\jni.cpp, line 520]
Event: 2962.849 Thread 0x000001af19182ba0 Exception <a 'sun/nio/fs/WindowsException'{0x00000000d57f3598}> (0x00000000d57f3598) 
thrown [s\src\hotspot\share\prims\jni.cpp, line 520]
Event: 2962.849 Thread 0x000001af19182ba0 Exception <a 'sun/nio/fs/WindowsException'{0x00000000d57f4160}> (0x00000000d57f4160) 
thrown [s\src\hotspot\share\prims\jni.cpp, line 520]
Event: 2962.849 Thread 0x000001af19182ba0 Exception <a 'sun/nio/fs/WindowsException'{0x00000000d57f5530}> (0x00000000d57f5530) 
thrown [s\src\hotspot\share\prims\jni.cpp, line 520]
Event: 2962.849 Thread 0x000001af19182ba0 Exception <a 'sun/nio/fs/WindowsException'{0x00000000d57f60f8}> (0x00000000d57f60f8) 
thrown [s\src\hotspot\share\prims\jni.cpp, line 520]
Event: 2962.849 Thread 0x000001af19182ba0 Exception <a 'sun/nio/fs/WindowsException'{0x00000000d57f7710}> (0x00000000d57f7710) 
thrown [s\src\hotspot\share\prims\jni.cpp, line 520]
Event: 2962.850 Thread 0x000001af19182ba0 Exception <a 'sun/nio/fs/WindowsException'{0x00000000d57f7fd8}> (0x00000000d57f7fd8) 
thrown [s\src\hotspot\share\prims\jni.cpp, line 520]
Event: 2962.901 Thread 0x000001af19182ba0 Exception <a 'sun/nio/fs/WindowsException'{0x00000000d5604178}> (0x00000000d5604178) 
thrown [s\src\hotspot\share\prims\jni.cpp, line 520]
Event: 2962.901 Thread 0x000001af19182ba0 Exception <a 'sun/nio/fs/WindowsException'{0x00000000d5604d40}> (0x00000000d5604d40) 
thrown [s\src\hotspot\share\prims\jni.cpp, line 520]
Event: 2962.902 Thread 0x000001af19182ba0 Exception <a 'sun/nio/fs/WindowsException'{0x00000000d560aa78}> (0x00000000d560aa78) 
thrown [s\src\hotspot\share\prims\jni.cpp, line 520]
Event: 2962.902 Thread 0x000001af19182ba0 Exception <a 'sun/nio/fs/WindowsException'{0x00000000d560b340}> (0x00000000d560b340) 
thrown [s\src\hotspot\share\prims\jni.cpp, line 520]
Event: 2962.916 Thread 0x000001af1435a840 Exception <a 'sun/nio/fs/WindowsException'{0x00000000d56734f8}> (0x00000000d56734f8) 
thrown [s\src\hotspot\share\prims\jni.cpp, line 520]
Event: 2962.916 Thread 0x000001af1435a840 Exception <a 'sun/nio/fs/WindowsException'{0x00000000d5673b80}> (0x00000000d5673b80) 
thrown [s\src\hotspot\share\prims\jni.cpp, line 520]
Event: 3019.254 Thread 0x000001af19182ba0 Implicit null exception at 0x000001aebb6cc124 to 0x000001aebb6cc1d8
Event: 3021.250 Thread 0x000001af12446650 Exception <a 'sun/nio/fs/WindowsException'{0x00000000d5862350}> (0x00000000d5862350) 
thrown [s\src\hotspot\share\prims\jni.cpp, line 520]
Event: 3021.250 Thread 0x000001af12446650 Exception <a 'sun/nio/fs/WindowsException'{0x00000000d58631a8}> (0x00000000d58631a8) 
thrown [s\src\hotspot\share\prims\jni.cpp, line 520]

ZGC Phase Switch (0 events):
No events

VM Operations (20 events):
Event: 3017.833 Executing safepoint VM operation: ParallelGCFailedAllocation (Allocation Failure)
Event: 3017.834 Executing safepoint VM operation: ParallelGCFailedAllocation (Allocation Failure) done
Event: 3018.012 Executing safepoint VM operation: ParallelGCFailedAllocation (Allocation Failure)
Event: 3018.014 Executing safepoint VM operation: ParallelGCFailedAllocation (Allocation Failure) done
Event: 3018.025 Executing safepoint VM operation: ParallelGCFailedAllocation (Allocation Failure)
Event: 3018.027 Executing safepoint VM operation: ParallelGCFailedAllocation (Allocation Failure) done
Event: 3018.033 Executing safepoint VM operation: ParallelGCFailedAllocation (Allocation Failure)
Event: 3018.035 Executing safepoint VM operation: ParallelGCFailedAllocation (Allocation Failure) done
Event: 3018.585 Executing safepoint VM operation: ParallelGCFailedAllocation (Allocation Failure)
Event: 3018.586 Executing safepoint VM operation: ParallelGCFailedAllocation (Allocation Failure) done
Event: 3018.904 Executing safepoint VM operation: ParallelGCFailedAllocation (Allocation Failure)
Event: 3018.905 Executing safepoint VM operation: ParallelGCFailedAllocation (Allocation Failure) done
Event: 3019.258 Executing safepoint VM operation: ParallelGCFailedAllocation (Allocation Failure)
Event: 3019.260 Executing safepoint VM operation: ParallelGCFailedAllocation (Allocation Failure) done
Event: 3019.354 Executing safepoint VM operation: ParallelGCFailedAllocation (Allocation Failure)
Event: 3019.356 Executing safepoint VM operation: ParallelGCFailedAllocation (Allocation Failure) done
Event: 3021.356 Executing safepoint VM operation: Cleanup
Event: 3021.356 Executing safepoint VM operation: Cleanup done
Event: 3022.356 Executing safepoint VM operation: Cleanup
Event: 3022.356 Executing safepoint VM operation: Cleanup done

Memory protections (0 events):
No events

Nmethod flushes (20 events):
Event: 2719.390 Thread 0x000001aeaf89fb80 flushing  nmethod 0x000001aeb59a9c10
Event: 2719.390 Thread 0x000001aeaf89fb80 flushing  nmethod 0x000001aeb59aa190
Event: 2719.390 Thread 0x000001aeaf89fb80 flushing  nmethod 0x000001aeb59aa790
Event: 2719.390 Thread 0x000001aeaf89fb80 flushing  nmethod 0x000001aeb59ab210
Event: 2719.390 Thread 0x000001aeaf89fb80 flushing  nmethod 0x000001aeb59ab690
Event: 2719.390 Thread 0x000001aeaf89fb80 flushing  nmethod 0x000001aeb59b1b10
Event: 2719.390 Thread 0x000001aeaf89fb80 flushing  nmethod 0x000001aeb59c3e10
Event: 2719.390 Thread 0x000001aeaf89fb80 flushing  nmethod 0x000001aeb5a59a10
Event: 2719.390 Thread 0x000001aeaf89fb80 flushing  nmethod 0x000001aeb5a9b610
Event: 2719.390 Thread 0x000001aeaf89fb80 flushing  nmethod 0x000001aeb5b05b90
Event: 2719.390 Thread 0x000001aeaf89fb80 flushing  nmethod 0x000001aeb5b22590
Event: 2719.390 Thread 0x000001aeaf89fb80 flushing  nmethod 0x000001aeb5b35d90
Event: 2719.390 Thread 0x000001aeaf89fb80 flushing  nmethod 0x000001aeb5b3ec10
Event: 2719.390 Thread 0x000001aeaf89fb80 flushing  nmethod 0x000001aeb5b65490
Event: 2719.390 Thread 0x000001aeaf89fb80 flushing  nmethod 0x000001aeb5b81410
Event: 2719.390 Thread 0x000001aeaf89fb80 flushing  nmethod 0x000001aeb5b81c90
Event: 2719.390 Thread 0x000001aeaf89fb80 flushing  nmethod 0x000001aeb5b83390
Event: 2719.390 Thread 0x000001aeaf89fb80 flushing  nmethod 0x000001aeb5b83c90
Event: 2719.390 Thread 0x000001aeaf89fb80 flushing  nmethod 0x000001aeb5b84890
Event: 2719.390 Thread 0x000001aeaf89fb80 flushing osr nmethod 0x000001aeb5c4d690

Events (20 events):
Event: 2919.594 Thread 0x000001af1435aed0 Thread added: 0x000001af1435cfa0
Event: 2919.594 Thread 0x000001af1435aed0 Thread exited: 0x000001af1435aed0
Event: 2922.559 Thread 0x000001af14358e00 Thread exited: 0x000001af14358e00
Event: 2952.564 Thread 0x000001af10dd9d70 Thread exited: 0x000001af10dd9d70
Event: 2962.911 Thread 0x000001af18953e00 Thread added: 0x000001af1435a1b0
Event: 2962.912 Thread 0x000001af1435a1b0 Thread added: 0x000001af1435a840
Event: 2962.917 Thread 0x000001af1435a840 Thread added: 0x000001af14358e00
Event: 2962.929 Thread 0x000001af1435a1b0 Thread added: 0x000001af1435d630
Event: 2962.929 Thread 0x000001af14358e00 Thread exited: 0x000001af14358e00
Event: 2963.108 Thread 0x000001af1435d630 Thread exited: 0x000001af1435d630
Event: 2967.544 Thread 0x000001af10dd4820 Thread exited: 0x000001af10dd4820
Event: 3021.251 Thread 0x000001af12446650 Thread added: 0x000001af1435aed0
Event: 3021.251 Thread 0x000001af1435aed0 Thread exited: 0x000001af1435aed0
Event: 3021.255 Thread 0x000001af12446650 Thread added: 0x000001af1435aed0
Event: 3021.256 Thread 0x000001af1435aed0 Thread exited: 0x000001af1435aed0
Event: 3021.355 Thread 0x000001af1244ae80 Thread exited: 0x000001af1244ae80
Event: 3021.368 Thread 0x000001af19185300 Thread exited: 0x000001af19185300
Event: 3021.368 Thread 0x000001af19183f50 Thread exited: 0x000001af19183f50
Event: 3021.368 Thread 0x000001af19182510 Thread exited: 0x000001af19182510
Event: 3037.683 Thread 0x000001af19186020 Thread exited: 0x000001af19186020


Dynamic libraries:
0x00007ff7b37b0000 - 0x00007ff7b37be000 	c:\Users\TRAN THI TUYET TRINH\.antigravity\extensions\redhat.java-1.54.0-win32-x64\jre\21.0.10-win32-x86_64\bin\java.exe
0x00007ffd7b760000 - 0x00007ffd7b9c7000 	C:\WINDOWS\SYSTEM32\ntdll.dll
0x00007ffd7b260000 - 0x00007ffd7b329000 	C:\WINDOWS\System32\KERNEL32.DLL
0x00007ffd78f50000 - 0x00007ffd79344000 	C:\WINDOWS\System32\KERNELBASE.dll
0x00007ffd78e00000 - 0x00007ffd78f4b000 	C:\WINDOWS\System32\ucrtbase.dll
0x00007ffd54c60000 - 0x00007ffd54c78000 	c:\Users\TRAN THI TUYET TRINH\.antigravity\extensions\redhat.java-1.54.0-win32-x64\jre\21.0.10-win32-x86_64\bin\jli.dll
0x00007ffd7b090000 - 0x00007ffd7b255000 	C:\WINDOWS\System32\USER32.dll
0x00007ffd78dd0000 - 0x00007ffd78df7000 	C:\WINDOWS\System32\win32u.dll
0x00007ffd7b500000 - 0x00007ffd7b52b000 	C:\WINDOWS\System32\GDI32.dll
0x00007ffd54920000 - 0x00007ffd5493e000 	c:\Users\TRAN THI TUYET TRINH\.antigravity\extensions\redhat.java-1.54.0-win32-x64\jre\21.0.10-win32-x86_64\bin\VCRUNTIME140.dll
0x00007ffd782f0000 - 0x00007ffd7841b000 	C:\WINDOWS\System32\gdi32full.dll
0x00007ffd780c0000 - 0x00007ffd78163000 	C:\WINDOWS\System32\msvcp_win.dll
0x00007ffd52350000 - 0x00007ffd525e3000 	C:\WINDOWS\WinSxS\amd64_microsoft.windows.common-controls_6595b64144ccf1df_6.0.26100.8115_none_3e075c82e3354f9c\COMCTL32.dll
0x00007ffd79660000 - 0x00007ffd79709000 	C:\WINDOWS\System32\msvcrt.dll
0x00007ffd794c0000 - 0x00007ffd794f2000 	C:\WINDOWS\System32\IMM32.DLL
0x00007ffd5f3f0000 - 0x00007ffd5f3fc000 	c:\Users\TRAN THI TUYET TRINH\.antigravity\extensions\redhat.java-1.54.0-win32-x64\jre\21.0.10-win32-x86_64\bin\vcruntime140_1.dll
0x00007ffd1cee0000 - 0x00007ffd1cf6d000 	c:\Users\TRAN THI TUYET TRINH\.antigravity\extensions\redhat.java-1.54.0-win32-x64\jre\21.0.10-win32-x86_64\bin\msvcp140.dll
0x00007ffcdd8f0000 - 0x00007ffcde691000 	c:\Users\TRAN THI TUYET TRINH\.antigravity\extensions\redhat.java-1.54.0-win32-x64\jre\21.0.10-win32-x86_64\bin\server\jvm.dll
0x00007ffd7b5b0000 - 0x00007ffd7b666000 	C:\WINDOWS\System32\ADVAPI32.dll
0x00007ffd7a320000 - 0x00007ffd7a3c7000 	C:\WINDOWS\System32\sechost.dll
0x00007ffd7b3e0000 - 0x00007ffd7b4f8000 	C:\WINDOWS\System32\RPCRT4.dll
0x00007ffd79d30000 - 0x00007ffd79db0000 	C:\WINDOWS\System32\WS2_32.dll
0x00007ffd70c90000 - 0x00007ffd70cc6000 	C:\WINDOWS\SYSTEM32\WINMM.dll
0x00007ffd77e80000 - 0x00007ffd77ede000 	C:\WINDOWS\SYSTEM32\POWRPROF.dll
0x00007ffd6de40000 - 0x00007ffd6de4b000 	C:\WINDOWS\SYSTEM32\VERSION.dll
0x00007ffd77e60000 - 0x00007ffd77e74000 	C:\WINDOWS\SYSTEM32\UMPDC.dll
0x00007ffd76d50000 - 0x00007ffd76d6b000 	C:\WINDOWS\SYSTEM32\kernel.appcore.dll
0x00007ffd5f2d0000 - 0x00007ffd5f2da000 	c:\Users\TRAN THI TUYET TRINH\.antigravity\extensions\redhat.java-1.54.0-win32-x64\jre\21.0.10-win32-x86_64\bin\jimage.dll
0x00007ffd760e0000 - 0x00007ffd76322000 	C:\WINDOWS\SYSTEM32\DBGHELP.DLL
0x00007ffd7acf0000 - 0x00007ffd7b072000 	C:\WINDOWS\System32\combase.dll
0x00007ffd79f60000 - 0x00007ffd7a038000 	C:\WINDOWS\System32\OLEAUT32.dll
0x00007ffd5f220000 - 0x00007ffd5f25b000 	C:\WINDOWS\SYSTEM32\dbgcore.DLL
0x00007ffd78c90000 - 0x00007ffd78d35000 	C:\WINDOWS\System32\bcryptPrimitives.dll
0x00007ffd5b4a0000 - 0x00007ffd5b4af000 	c:\Users\TRAN THI TUYET TRINH\.antigravity\extensions\redhat.java-1.54.0-win32-x64\jre\21.0.10-win32-x86_64\bin\instrument.dll
0x00007ffd49d20000 - 0x00007ffd49d40000 	c:\Users\TRAN THI TUYET TRINH\.antigravity\extensions\redhat.java-1.54.0-win32-x64\jre\21.0.10-win32-x86_64\bin\java.dll
0x00007ffd7a580000 - 0x00007ffd7ace7000 	C:\WINDOWS\System32\SHELL32.dll
0x00007ffd79350000 - 0x00007ffd794ba000 	C:\WINDOWS\System32\wintypes.dll
0x00007ffd78420000 - 0x00007ffd78c88000 	C:\WINDOWS\System32\windows.storage.dll
0x00007ffd79710000 - 0x00007ffd79808000 	C:\WINDOWS\System32\SHCORE.dll
0x00007ffd7b670000 - 0x00007ffd7b6d6000 	C:\WINDOWS\System32\shlwapi.dll
0x00007ffd77f20000 - 0x00007ffd77f49000 	C:\WINDOWS\SYSTEM32\profapi.dll
0x00007ffd42800000 - 0x00007ffd42818000 	c:\Users\TRAN THI TUYET TRINH\.antigravity\extensions\redhat.java-1.54.0-win32-x64\jre\21.0.10-win32-x86_64\bin\zip.dll
0x00007ffd59cd0000 - 0x00007ffd59ce0000 	C:\Users\TRAN THI TUYET TRINH\.antigravity\extensions\redhat.java-1.54.0-win32-x64\jre\21.0.10-win32-x86_64\bin\net.dll
0x00007ffd6f9a0000 - 0x00007ffd6facd000 	C:\WINDOWS\SYSTEM32\WINHTTP.dll
0x00007ffd772b0000 - 0x00007ffd7731c000 	C:\WINDOWS\system32\mswsock.dll
0x00007ffd3ca00000 - 0x00007ffd3ca16000 	C:\Users\TRAN THI TUYET TRINH\.antigravity\extensions\redhat.java-1.54.0-win32-x64\jre\21.0.10-win32-x86_64\bin\nio.dll
0x00007ffd591d0000 - 0x00007ffd591e0000 	c:\Users\TRAN THI TUYET TRINH\.antigravity\extensions\redhat.java-1.54.0-win32-x64\jre\21.0.10-win32-x86_64\bin\verify.dll
0x00007ffd1c740000 - 0x00007ffd1c785000 	C:\Users\TRAN THI TUYET TRINH\AppData\Roaming\Antigravity\User\globalStorage\redhat.java\1.54.0\config_win\org.eclipse.equinox.launcher\org.eclipse.equinox.launcher.win32.win32.x86_64_1.3.0.v20260203-2149\eclipse_11919.dll
0x00007ffd79dc0000 - 0x00007ffd79f57000 	C:\WINDOWS\System32\ole32.dll
0x00007ffd77540000 - 0x00007ffd7755b000 	C:\WINDOWS\SYSTEM32\CRYPTSP.dll
0x00007ffd76cb0000 - 0x00007ffd76ce9000 	C:\WINDOWS\system32\rsaenh.dll
0x00007ffd77360000 - 0x00007ffd77393000 	C:\WINDOWS\SYSTEM32\USERENV.dll
0x00007ffd77ef0000 - 0x00007ffd77f1a000 	C:\WINDOWS\SYSTEM32\bcrypt.dll
0x00007ffd77570000 - 0x00007ffd7757c000 	C:\WINDOWS\SYSTEM32\CRYPTBASE.dll
0x00007ffd76730000 - 0x00007ffd76762000 	C:\WINDOWS\SYSTEM32\IPHLPAPI.DLL
0x00007ffd79860000 - 0x00007ffd7986a000 	C:\WINDOWS\System32\NSI.dll
0x00007ffd2b890000 - 0x00007ffd2b8d9000 	C:\Users\TRAN THI TUYET TRINH\AppData\Local\Temp\jna--1501819508\jna4569409453351958653.dll
0x00007ffd7a3d0000 - 0x00007ffd7a3d8000 	C:\WINDOWS\System32\PSAPI.DLL
0x00007ffd6fd40000 - 0x00007ffd6fd5d000 	C:\WINDOWS\SYSTEM32\dhcpcsvc6.DLL
0x00007ffd6fcd0000 - 0x00007ffd6fcf5000 	C:\WINDOWS\SYSTEM32\dhcpcsvc.DLL
0x00007ffd6c6c0000 - 0x00007ffd6c6c9000 	C:\Users\TRAN THI TUYET TRINH\.antigravity\extensions\redhat.java-1.54.0-win32-x64\jre\21.0.10-win32-x86_64\bin\extnet.dll
0x00007ffd5f680000 - 0x00007ffd5f68e000 	C:\Users\TRAN THI TUYET TRINH\.antigravity\extensions\redhat.java-1.54.0-win32-x64\jre\21.0.10-win32-x86_64\bin\sunmscapi.dll
0x00007ffd78170000 - 0x00007ffd782e7000 	C:\WINDOWS\System32\CRYPT32.dll
0x00007ffd77800000 - 0x00007ffd77830000 	C:\WINDOWS\SYSTEM32\ncrypt.dll
0x00007ffd777b0000 - 0x00007ffd777ef000 	C:\WINDOWS\SYSTEM32\NTASN1.dll
0x00007ffd76770000 - 0x00007ffd768a2000 	C:\WINDOWS\SYSTEM32\DNSAPI.dll
0x00007ffd6f0c0000 - 0x00007ffd6f0cb000 	C:\Windows\System32\rasadhlp.dll
0x00007ffd70180000 - 0x00007ffd70206000 	C:\WINDOWS\System32\fwpuclnt.dll
0x00007ffd76e80000 - 0x00007ffd76eb6000 	C:\WINDOWS\SYSTEM32\ntmarta.dll

JVMTI agents:
c:\Users\TRAN THI TUYET TRINH\.antigravity\extensions\redhat.java-1.54.0-win32-x64\lombok\lombok-1.18.39-4050.jar path:c:\Users\TRAN THI TUYET TRINH\.antigravity\extensions\redhat.java-1.54.0-win32-x64\jre\21.0.10-win32-x86_64\bin\instrument.dll, loaded, initialized, instrumentlib options:none

dbghelp: loaded successfully - version: 4.0.5 - missing functions: none
symbol engine: initialized successfully - sym options: 0x614 - pdb path: .;c:\Users\TRAN THI TUYET TRINH\.antigravity\extensions\redhat.java-1.54.0-win32-x64\jre\21.0.10-win32-x86_64\bin;C:\WINDOWS\SYSTEM32;C:\WINDOWS\WinSxS\amd64_microsoft.windows.common-controls_6595b64144ccf1df_6.0.26100.8115_none_3e075c82e3354f9c;c:\Users\TRAN THI TUYET TRINH\.antigravity\extensions\redhat.java-1.54.0-win32-x64\jre\21.0.10-win32-x86_64\bin\server;C:\Users\TRAN THI TUYET TRINH\AppData\Roaming\Antigravity\User\globalStorage\redhat.java\1.54.0\config_win\org.eclipse.equinox.launcher\org.eclipse.equinox.launcher.win32.win32.x86_64_1.3.0.v20260203-2149;C:\Users\TRAN THI TUYET TRINH\AppData\Local\Temp\jna--1501819508

VM Arguments:
jvm_args: --add-modules=ALL-SYSTEM --add-opens=java.base/java.util=ALL-UNNAMED --add-opens=java.base/java.lang=ALL-UNNAMED --add-opens=java.base/sun.nio.fs=ALL-UNNAMED -Declipse.application=org.eclipse.jdt.ls.core.id1 -Dosgi.bundles.defaultStartLevel=4 -Declipse.product=org.eclipse.jdt.ls.core.product -Djava.import.generatesMetadataFilesAtProjectRoot=false -DDetectVMInstallationsJob.disabled=true -Dfile.encoding=utf8 -XX:+UseParallelGC -XX:GCTimeRatio=4 -XX:AdaptiveSizePolicyWeight=90 -Dsun.zip.disableMemoryMapping=true -Xmx2G -Xms100m -Xlog:disable -javaagent:c:\Users\TRAN THI TUYET TRINH\.antigravity\extensions\redhat.java-1.54.0-win32-x64\lombok\lombok-1.18.39-4050.jar -XX:+HeapDumpOnOutOfMemoryError -XX:HeapDumpPath=c:\Users\TRAN THI TUYET TRINH\AppData\Roaming\Antigravity\User\workspaceStorage\3739bf23a3de9df40875cb7029adc8c1\redhat.java -Daether.dependencyCollector.impl=bf 
java_command: c:\Users\TRAN THI TUYET TRINH\.antigravity\extensions\redhat.java-1.54.0-win32-x64\server\plugins\org.eclipse.equinox.launcher_1.7.100.v20251111-0406.jar -configuration c:\Users\TRAN THI TUYET TRINH\AppData\Roaming\Antigravity\User\globalStorage\redhat.java\1.54.0\config_win -data c:\Users\TRAN THI TUYET TRINH\AppData\Roaming\Antigravity\User\workspaceStorage\3739bf23a3de9df40875cb7029adc8c1\redhat.java\jdt_ws --pipe=\\.\pipe\lsp-564ca2451bc55719fb65bf80a4fc0bfa-sock
java_class_path (initial): c:\Users\TRAN THI TUYET TRINH\.antigravity\extensions\redhat.java-1.54.0-win32-x64\server\plugins\org.eclipse.equinox.launcher_1.7.100.v20251111-0406.jar
Launcher Type: SUN_STANDARD

[Global flags]
    uintx AdaptiveSizePolicyWeight                 = 90                                        {product} {command line}
     intx CICompilerCount                          = 12                                        {product} {ergonomic}
    uintx GCTimeRatio                              = 4                                         {product} {command line}
     bool HeapDumpOnOutOfMemoryError               = true                                   {manageable} {command line}
    ccstr HeapDumpPath                             = c:\Users\TRAN THI TUYET TRINH\AppData\Roaming\Antigravity\User\workspaceStorage\3739bf23a3de9df40875cb7029adc8c1\redhat.java         {manageable} {command line}
   size_t InitialHeapSize                          = 104857600                                 {product} {command line}
   size_t MaxHeapSize                              = 2147483648                                {product} {command line}
   size_t MaxNewSize                               = 715653120                                 {product} {ergonomic}
   size_t MinHeapDeltaBytes                        = 524288                                    {product} {ergonomic}
   size_t MinHeapSize                              = 104857600                                 {product} {command line}
   size_t NewSize                                  = 34603008                                  {product} {ergonomic}
    uintx NonNMethodCodeHeapSize                   = 7602480                                {pd product} {ergonomic}
    uintx NonProfiledCodeHeapSize                  = 122027880                              {pd product} {ergonomic}
   size_t OldSize                                  = 70254592                                  {product} {ergonomic}
    uintx ProfiledCodeHeapSize                     = 122027880                              {pd product} {ergonomic}
    uintx ReservedCodeCacheSize                    = 251658240                              {pd product} {ergonomic}
     bool SegmentedCodeCache                       = true                                      {product} {ergonomic}
   size_t SoftMaxHeapSize                          = 2147483648                             {manageable} {ergonomic}
     bool UseCompressedOops                        = true                           {product lp64_product} {ergonomic}
     bool UseLargePagesIndividualAllocation        = false                                  {pd product} {ergonomic}
     bool UseParallelGC                            = true                                      {product} {command line}

Logging:
Log output configuration:
 #0: stdout all=off uptime,level,tags foldmultilines=false
 #1: stderr all=off uptime,level,tags foldmultilines=false

Release file:
JAVA_VERSION="21.0.10" 
MODULES="java.base java.compiler java.datatransfer java.xml java.prefs java.desktop java.instrument java.logging java.management java.security.sasl java.naming java.rmi java.management.rmi java.net.http java.scripting java.security.jgss java.transaction.xa java.sql java.sql.rowset java.xml.crypto java.se java.smartcardio jdk.accessibility jdk.internal.jvmstat jdk.attach jdk.charsets jdk.internal.opt jdk.zipfs jdk.compiler jdk.crypto.ec jdk.crypto.cryptoki jdk.crypto.mscapi jdk.dynalink jdk.internal.ed jdk.editpad jdk.hotspot.agent jdk.httpserver jdk.internal.le jdk.internal.vm.ci jdk.internal.vm.compiler jdk.internal.vm.compiler.management jdk.jartool jdk.javadoc jdk.jcmd jdk.management jdk.management.agent jdk.jconsole jdk.jdeps jdk.jdwp.agent jdk.jdi jdk.jfr jdk.jshell jdk.jsobject jdk.jstatd jdk.localedata jdk.management.jfr jdk.naming.dns jdk.naming.rmi jdk.net jdk.nio.mapmode jdk.random jdk.sctp jdk.security.auth jdk.security.jgss jdk.unsupported jdk.unsupported.desktop jdk.xml.dom" 

Environment Variables:
PATH=C:\Program Files\Python313\Scripts\;C:\Program Files\Python313\;C:\msys64\ucrt64\bin;C:\Program Files\Common Files\Oracle\Java\javapath;C:\WINDOWS\system32;C:\WINDOWS;C:\WINDOWS\System32\Wbem;C:\WINDOWS\System32\WindowsPowerShell\v1.0\;C:\WINDOWS\System32\OpenSSH\;E:\mingw64\bin;E:\SoftwareProgramming\ucrt64\bin;C:\SoftwareProgramming\ucrt64\bin;C:\Program Files\Java\jdk-24\bin;C:\Program Files\Git\cmd;C:\Program Files\CMake\bin;C:\Program Files\CMake\bin;C:\Program Files (x86)\Microsoft SQL Server\160\Tools\Binn\;C:\Program Files\Microsoft SQL Server\160\Tools\Binn\;C:\Program Files\Microsoft SQL Server\Client SDK\ODBC\170\Tools\Binn\;C:\Program Files\Microsoft SQL Server\160\DTS\Binn\;C:\Program Files\Microsoft SQL Server\170\DTS\Binn\;C:\Program Files (x86)\cloudflared\;C:\Program Files\dotnet\;C:\Program Files\Microsoft SQL Server\170\Tools\Binn\;C:\Program Files (x86)\Microsoft SQL Server\170\Tools\Binn\;C:\Program Files\Microsoft SQL Server\Client SDK\ODBC\180\Tools\Binn\;C:\Users\TRAN THI TUYET TRINH\AppData\Roaming\Python\Python313\Scripts;C:\msys64\ucrt64\bin\g++.exe;C:\Users\TRAN THI TUYET TRINH\AppData\Local\Microsoft\WindowsApps;E:\winlibs-x86_64-posix-seh-gcc-12.1.0-mingw-w64msvcrt-10.0.0-r3.zip\mingw64\bin;E:\mingw64\bin;C:\Users\TRAN THI TUYET TRINH\AppData\Local\Programs\Microsoft VS Code\bin;C:\SoftwareProgramming\ucrt64\bin;C:\Users\TRAN THI TUYET TRINH\AppData\Local\Programs\cursor\resources\app\bin;C:\Users\TRAN THI TUYET TRINH\.dotnet\tools;D:\App_QuanTrong\Antigravity\bin
USERNAME=TRAN THI TUYET TRINH
OS=Windows_NT
PROCESSOR_IDENTIFIER=Intel64 Family 6 Model 154 Stepping 3, GenuineIntel
TMP=C:\Users\TRANTH~1\AppData\Local\Temp
TEMP=C:\Users\TRANTH~1\AppData\Local\Temp




Periodic native trim disabled

---------------  S Y S T E M  ---------------

OS:
 Windows 11 , 64 bit Build 26100 (10.0.26100.8246)
OS uptime: 7 days 19:37 hours
Hyper-V role detected

CPU: total 16 (initial active 16) (8 cores per cpu, 2 threads per core) family 6 model 154 stepping 3 microcode 0x42c, cx8, cmov, fxsr, ht, mmx, 3dnowpref, sse, sse2, sse3, ssse3, sse4.1, sse4.2, popcnt, lzcnt, tsc, tscinvbit, avx, avx2, aes, erms, clmul, bmi1, bmi2, adx, sha, fma, vzeroupper, clflush, clflushopt, clwb, hv, serialize, rdtscp, rdpid, fsrm, f16c, cet_ibt, cet_ss
Processor Information for processor 0
  Max Mhz: 1700, Current Mhz: 1700, Mhz Limit: 1700
Processor Information for processor 1
  Max Mhz: 1700, Current Mhz: 1700, Mhz Limit: 1700
Processor Information for processor 2
  Max Mhz: 1700, Current Mhz: 1700, Mhz Limit: 1700
Processor Information for processor 3
  Max Mhz: 1700, Current Mhz: 1700, Mhz Limit: 1700
Processor Information for processor 4
  Max Mhz: 1700, Current Mhz: 1700, Mhz Limit: 1700
Processor Information for processor 5
  Max Mhz: 1700, Current Mhz: 1700, Mhz Limit: 1700
Processor Information for processor 6
  Max Mhz: 1700, Current Mhz: 1700, Mhz Limit: 1700
Processor Information for processor 7
  Max Mhz: 1700, Current Mhz: 1700, Mhz Limit: 1700
Processor Information for processor 8
  Max Mhz: 1700, Current Mhz: 1200, Mhz Limit: 1190
Processor Information for processor 9
  Max Mhz: 1700, Current Mhz: 1200, Mhz Limit: 1190
Processor Information for processor 10
  Max Mhz: 1700, Current Mhz: 1200, Mhz Limit: 1190
Processor Information for processor 11
  Max Mhz: 1700, Current Mhz: 1200, Mhz Limit: 1190
Processor Information for processor 12
  Max Mhz: 1700, Current Mhz: 1200, Mhz Limit: 1190
Processor Information for processor 13
  Max Mhz: 1700, Current Mhz: 1200, Mhz Limit: 1190
Processor Information for processor 14
  Max Mhz: 1700, Current Mhz: 1200, Mhz Limit: 1190
Processor Information for processor 15
  Max Mhz: 1700, Current Mhz: 1200, Mhz Limit: 1190

Memory: 4k page, system-wide physical 16052M (1682M free)
TotalPageFile size 21010M (AvailPageFile size 0M)
current process WorkingSet (physical memory assigned to process): 897M, peak: 989M
current process commit charge ("private bytes"): 985M, peak: 1066M

vm_info: OpenJDK 64-Bit Server VM (21.0.10+7-LTS) for windows-amd64 JRE (21.0.10+7-LTS), built on 2026-01-20T00:00:00Z by "admin" with MS VC++ 17.12 (VS2022)

END.
